<?xml version="1.0" encoding="utf-8" standalone="no"?>
<!--This file represents the results of running a test suite-->
<test-results name="C:\src\3rdParty\jscssconsolidate\src\ResourceManagement.Spark.UnitTests\bin\Debug\AlmWitt.Web.ResourceManagement.Spark.UnitTests.dll" total="10" errors="0" failures="0" not-run="0" inconclusive="0" ignored="0" skipped="0" invalid="0" date="2011-02-24" time="08:53:39">
  <environment nunit-version="2.5.9.10348" clr-version="2.0.50727.4952" os-version="Microsoft Windows NT 6.1.7600.0" platform="Win32NT" cwd="C:\src\3rdParty\jscssconsolidate\src\ResourceManagement.Spark.UnitTests" machine-name="SEAW005968VM" user="aalm" user-domain="AMER" />
  <culture-info current-culture="en-US" current-uiculture="en-US" />
  <test-suite type="Assembly" name="C:\src\3rdParty\jscssconsolidate\src\ResourceManagement.Spark.UnitTests\bin\Debug\AlmWitt.Web.ResourceManagement.Spark.UnitTests.dll" executed="True" result="Success" success="True" time="0.672" asserts="0">
    <results>
      <test-suite type="Namespace" name="AlmWitt" executed="True" result="Success" success="True" time="0.659" asserts="0">
        <results>
          <test-suite type="Namespace" name="Web" executed="True" result="Success" success="True" time="0.657" asserts="0">
            <results>
              <test-suite type="Namespace" name="ResourceManagement" executed="True" result="Success" success="True" time="0.655" asserts="0">
                <results>
                  <test-suite type="Namespace" name="Spark" executed="True" result="Success" success="True" time="0.654" asserts="0">
                    <results>
                      <test-suite type="TestFixture" name="AttributeBasedActionFinderTest" executed="True" result="Success" success="True" time="0.070" asserts="0">
                        <results>
                          <test-case name="AlmWitt.Web.ResourceManagement.Spark.AttributeBasedActionFinderTest.WhenAttributeIsOnActionWithNoViewNameSpecified_ActionNameIsUsed" executed="True" result="Success" success="True" time="0.045" asserts="1" />
                          <test-case name="AlmWitt.Web.ResourceManagement.Spark.AttributeBasedActionFinderTest.WhenControllerContainsNoSparkScriptActions_EmptyEnumerableIsReturned" executed="True" result="Success" success="True" time="0.006" asserts="1" />
                          <test-case name="AlmWitt.Web.ResourceManagement.Spark.AttributeBasedActionFinderTest.WhenControllerContainsSparkScriptActions_TheyAreFound" executed="True" result="Success" success="True" time="0.003" asserts="3" />
                        </results>
                      </test-suite>
                      <test-suite type="TestFixture" name="SparkResourceFinderTest" executed="True" result="Success" success="True" time="0.500" asserts="0">
                        <results>
                          <test-case name="AlmWitt.Web.ResourceManagement.Spark.SparkResourceFinderTest.WhenFindingResources_SparkActionsAreAggregatedAndConvertedToSparkResources" executed="True" result="Success" success="True" time="0.498" asserts="5" />
                          <test-case name="AlmWitt.Web.ResourceManagement.Spark.SparkResourceFinderTest.WhenResourceTypeIsCss_EmptyResourceCollectionReturned" executed="True" result="Success" success="True" time="0.000" asserts="1" />
                        </results>
                      </test-suite>
                      <test-suite type="TestFixture" name="SparkResourceTest" executed="True" result="Success" success="True" time="0.052" asserts="0">
                        <results>
                          <test-case name="AlmWitt.Web.ResourceManagement.Spark.SparkResourceTest.GetContentRetrievesContentFromFetcher" executed="True" result="Success" success="True" time="0.049" asserts="0" />
                          <test-case name="AlmWitt.Web.ResourceManagement.Spark.SparkResourceTest.NameIsControllerSlashAction" executed="True" result="Success" success="True" time="0.001" asserts="1" />
                          <test-case name="AlmWitt.Web.ResourceManagement.Spark.SparkResourceTest.ToStringEqualsVirtualPath" executed="True" result="Success" success="True" time="0.001" asserts="1" />
                          <test-case name="AlmWitt.Web.ResourceManagement.Spark.SparkResourceTest.VirtualPathIsSparkJsSchemeUriWithControllerSlashAction" executed="True" result="Success" success="True" time="0.000" asserts="1" />
                        </results>
                      </test-suite>
                      <test-suite type="TestFixture" name="StaticMethodActionFinderTest" executed="True" result="Success" success="True" time="0.025" asserts="0">
                        <results>
                          <test-case name="AlmWitt.Web.ResourceManagement.Spark.StaticMethodActionFinderTest.AllStaticMethodsWithJavascriptViewResultReturnTypeAreFound" executed="True" result="Success" success="True" time="0.025" asserts="3" />
                        </results>
                      </test-suite>
                    </results>
                  </test-suite>
                </results>
              </test-suite>
            </results>
          </test-suite>
        </results>
      </test-suite>
    </results>
  </test-suite>
</test-results>