<?xml version="1.0" encoding="utf-8" standalone="no"?>
<!--This file represents the results of running a test suite-->
<test-results name="C:\src\3rdParty\jscssconsolidate\src\ResourceManagement.UnitTests\bin\Debug\AlmWitt.Web.ResourceManagement.UnitTests.dll" total="99" errors="0" failures="0" not-run="0" inconclusive="0" ignored="0" skipped="0" invalid="0" date="2011-02-23" time="17:04:51">
  <environment nunit-version="2.5.9.10348" clr-version="2.0.50727.4952" os-version="Microsoft Windows NT 6.1.7600.0" platform="Win32NT" cwd="C:\src\3rdParty\jscssconsolidate\src\ResourceManagement.UnitTests" machine-name="SEAW005968VM" user="aalm" user-domain="AMER" />
  <culture-info current-culture="en-US" current-uiculture="en-US" />
  <test-suite type="Assembly" name="C:\src\3rdParty\jscssconsolidate\src\ResourceManagement.UnitTests\bin\Debug\AlmWitt.Web.ResourceManagement.UnitTests.dll" executed="True" result="Success" success="True" time="1.816" asserts="0">
    <results>
      <test-suite type="Namespace" name="AlmWitt" executed="True" result="Success" success="True" time="1.795" asserts="0">
        <results>
          <test-suite type="Namespace" name="Web" executed="True" result="Success" success="True" time="1.785" asserts="0">
            <results>
              <test-suite type="Namespace" name="ResourceManagement" executed="True" result="Success" success="True" time="1.783" asserts="0">
                <results>
                  <test-suite type="Namespace" name="Registration" executed="True" result="Success" success="True" time="0.957" asserts="0">
                    <results>
                      <test-suite type="TestFixture" name="TestConsolidatingResourceRegistry" executed="True" result="Success" success="True" time="0.796" asserts="0">
                        <results>
                          <test-case name="AlmWitt.Web.ResourceManagement.Registration.TestConsolidatingResourceRegistry.WhenIncludingAUrlThaIsConfiguredToBeConsolidated_TheConsolidatedUrlIsIncludedInstead" executed="True" result="Success" success="True" time="0.763" asserts="0" />
                          <test-case name="AlmWitt.Web.ResourceManagement.Registration.TestConsolidatingResourceRegistry.WhenIncludingAUrlThatIsNotConfiguredToBeConsolidated_ItIsIncludedAsIs" executed="True" result="Success" success="True" time="0.003" asserts="0" />
                          <test-case name="AlmWitt.Web.ResourceManagement.Registration.TestConsolidatingResourceRegistry.WhenTryingToResolveAPathThatIsConfiguredToBeConsolidated_ItIsResolved" executed="True" result="Success" success="True" time="0.011" asserts="2" />
                          <test-case name="AlmWitt.Web.ResourceManagement.Registration.TestConsolidatingResourceRegistry.WhenTryingToResolveAPathThatIsNotConfiguredToBeConsolidated_ItIsNotResolved" executed="True" result="Success" success="True" time="0.002" asserts="2" />
                        </results>
                      </test-suite>
                      <test-suite type="TestFixture" name="TestConsolidatingResourceRegistryAccessor" executed="True" result="Success" success="True" time="0.023" asserts="0">
                        <results>
                          <test-case name="AlmWitt.Web.ResourceManagement.Registration.TestConsolidatingResourceRegistryAccessor.InstanceOfConsolidatingRegistryIsReused" executed="True" result="Success" success="True" time="0.007" asserts="1" />
                          <test-case name="AlmWitt.Web.ResourceManagement.Registration.TestConsolidatingResourceRegistryAccessor.InstanceOfNamedConsolidatingRegistryIsReused" executed="True" result="Success" success="True" time="0.002" asserts="1" />
                          <test-case name="AlmWitt.Web.ResourceManagement.Registration.TestConsolidatingResourceRegistryAccessor.WhenGettingInstanceOfNamedScriptRegistry_ItsWrappedInAConsolidatingDecorator" executed="True" result="Success" success="True" time="0.012" asserts="2" />
                          <test-case name="AlmWitt.Web.ResourceManagement.Registration.TestConsolidatingResourceRegistryAccessor.WhenGettingInstanceOfScriptRegistry_ItsWrappedInAConsolidatingDecorator" executed="True" result="Success" success="True" time="0.001" asserts="2" />
                          <test-case name="AlmWitt.Web.ResourceManagement.Registration.TestConsolidatingResourceRegistryAccessor.WhenManageDependenciesIsTrue_ScriptRegistryIsWrappedInDependencyResolvingDecorator" executed="True" result="Success" success="True" time="0.001" asserts="2" />
                        </results>
                      </test-suite>
                      <test-suite type="TestFixture" name="TestDependencyResolvingResourceRegistry" executed="True" result="Success" success="True" time="0.108" asserts="0">
                        <results>
                          <test-case name="AlmWitt.Web.ResourceManagement.Registration.TestDependencyResolvingResourceRegistry.WhenIncludingPath_ResourcesDependenciesAreIncludedAsWell" executed="True" result="Success" success="True" time="0.108" asserts="0" />
                        </results>
                      </test-suite>
                      <test-suite type="TestFixture" name="TestGenericResourceRegistryAccessor" executed="True" result="Success" success="True" time="0.022" asserts="0">
                        <results>
                          <test-case name="AlmWitt.Web.ResourceManagement.Registration.TestGenericResourceRegistryAccessor.WhenAScriptFileIsRegisteredInTwoRegistries_ItIsOnlyReturnedAsPartOfTheFirstOneRequested" executed="True" result="Success" success="True" time="0.015" asserts="5" />
                          <test-case name="AlmWitt.Web.ResourceManagement.Registration.TestGenericResourceRegistryAccessor.WhenGettingRegisteredScripts_IncludesAndScriptBlocksAssociatedWithNamedRegistryAreReturned" executed="True" result="Success" success="True" time="0.004" asserts="4" />
                          <test-case name="AlmWitt.Web.ResourceManagement.Registration.TestGenericResourceRegistryAccessor.WhenRequestingNamedScriptRegistryForFirstTime_NewOneIsReturned" executed="True" result="Success" success="True" time="0.000" asserts="3" />
                          <test-case name="AlmWitt.Web.ResourceManagement.Registration.TestGenericResourceRegistryAccessor.WhenRequestingNamedScriptRegistryForTheNthTime_SameInstanceIsReturned" executed="True" result="Success" success="True" time="0.000" asserts="1" />
                        </results>
                      </test-suite>
                    </results>
                  </test-suite>
                  <test-suite type="TestFixture" name="TestClientScriptGroupElementCollection" executed="True" result="Success" success="True" time="0.006" asserts="0">
                    <results>
                      <test-case name="AlmWitt.Web.ResourceManagement.TestClientScriptGroupElementCollection.SettingCompressPropertyUpdatesCompressDefaultValueOnAllChildren" executed="True" result="Success" success="True" time="0.006" asserts="3" />
                    </results>
                  </test-suite>
                  <test-suite type="TestFixture" name="TestCompositeResourceFilter" executed="True" result="Success" success="True" time="0.005" asserts="0">
                    <results>
                      <test-case name="AlmWitt.Web.ResourceManagement.TestCompositeResourceFilter.NoFilterReturnsFalse" executed="True" result="Success" success="True" time="0.002" asserts="1" />
                      <test-case name="AlmWitt.Web.ResourceManagement.TestCompositeResourceFilter.TrueAndFalseReturnsTrue" executed="True" result="Success" success="True" time="0.002" asserts="1" />
                      <test-case name="AlmWitt.Web.ResourceManagement.TestCompositeResourceFilter.TwoFalseReturnsFalse" executed="True" result="Success" success="True" time="0.000" asserts="1" />
                      <test-case name="AlmWitt.Web.ResourceManagement.TestCompositeResourceFilter.TwoTruesReturnsTrue" executed="True" result="Success" success="True" time="0.001" asserts="1" />
                    </results>
                  </test-suite>
                  <test-suite type="TestFixture" name="TestCompositeResourceFinder" executed="True" result="Success" success="True" time="0.005" asserts="0">
                    <results>
                      <test-case name="AlmWitt.Web.ResourceManagement.TestCompositeResourceFinder.FindResourcesCombinesResultsOfChildren" executed="True" result="Success" success="True" time="0.005" asserts="5" />
                    </results>
                  </test-suite>
                  <test-suite type="TestFixture" name="TestConsolidatedResource" executed="True" result="Success" success="True" time="0.003" asserts="0">
                    <results>
                      <test-case name="AlmWitt.Web.ResourceManagement.TestConsolidatedResource.LastModifiedEqualsLastModifiedOfCollection" executed="True" result="Success" success="True" time="0.003" asserts="1" />
                    </results>
                  </test-suite>
                  <test-suite type="TestFixture" name="TestContentFilterMap" executed="True" result="Success" success="True" time="0.013" asserts="0">
                    <results>
                      <test-case name="AlmWitt.Web.ResourceManagement.TestContentFilterMap.CanMapFileExtensionThatBeginsWithADot" executed="True" result="Success" success="True" time="0.006" asserts="1" />
                      <test-case name="AlmWitt.Web.ResourceManagement.TestContentFilterMap.ThrowsWhenTryingToMapExtensionWithoutLeadingDot" executed="True" result="Success" success="True" time="0.004" asserts="0" />
                      <test-case name="AlmWitt.Web.ResourceManagement.TestContentFilterMap.WhenGettingFilterForExtensionWithoutLeadingDot_ExceptionIsThrown" executed="True" result="Success" success="True" time="0.001" asserts="0" />
                      <test-case name="AlmWitt.Web.ResourceManagement.TestContentFilterMap.WhenGettingFilterForUnmappedExtension_NullFilterIsReturned" executed="True" result="Success" success="True" time="0.001" asserts="2" />
                    </results>
                  </test-suite>
                  <test-suite type="TestFixture" name="TestDefaultDependencyCache" executed="True" result="Success" success="True" time="0.089" asserts="0">
                    <results>
                      <test-case name="AlmWitt.Web.ResourceManagement.TestDefaultDependencyCache.WhenResourceDependenciesAreNotCachedInHttpAndAreOutOfDateInLongRunningCache_DependenciesAreNotAvailable" executed="True" result="Success" success="True" time="0.078" asserts="1" />
                      <test-case name="AlmWitt.Web.ResourceManagement.TestDefaultDependencyCache.WhenResourceDependenciesAreNotCachedInHttpButAreCachedInLongRunningCache_DependenciesAreAvailableByResourceOnly" executed="True" result="Success" success="True" time="0.007" asserts="4" />
                      <test-case name="AlmWitt.Web.ResourceManagement.TestDefaultDependencyCache.WhenResourceDependenciesAreStored_TheyCanBeRetievedByResourceInstance" executed="True" result="Success" success="True" time="0.001" asserts="3" />
                      <test-case name="AlmWitt.Web.ResourceManagement.TestDefaultDependencyCache.WhenResourceDependenciesAreStored_TheyCanBeRetievedByVirtualPath" executed="True" result="Success" success="True" time="0.001" asserts="3" />
                    </results>
                  </test-suite>
                  <test-suite type="TestFixture" name="TestDependencyManager" executed="True" result="Success" success="True" time="0.018" asserts="0">
                    <results>
                      <test-case name="AlmWitt.Web.ResourceManagement.TestDependencyManager.DependenciesAreRecursivelyCachedByBothVirtualPathAndResource" executed="True" result="Success" success="True" time="0.009" asserts="12" />
                      <test-case name="AlmWitt.Web.ResourceManagement.TestDependencyManager.GetDependenciesReturnsEmptyWhenNoDependencyProviderExistsForFileExtension" executed="True" result="Success" success="True" time="0.003" asserts="1" />
                      <test-case name="AlmWitt.Web.ResourceManagement.TestDependencyManager.GetDependenciesReturnsParsedDependencies" executed="True" result="Success" success="True" time="0.002" asserts="2" />
                      <test-case name="AlmWitt.Web.ResourceManagement.TestDependencyManager.GetDependenciesReturnsRecursiveDependenciesInOrder" executed="True" result="Success" success="True" time="0.001" asserts="4" />
                      <test-case name="AlmWitt.Web.ResourceManagement.TestDependencyManager.WhenDependenciesAreCachedByResource_TheyAreReturnedFromThere" executed="True" result="Success" success="True" time="0.002" asserts="2" />
                      <test-case name="AlmWitt.Web.ResourceManagement.TestDependencyManager.WhenDependenciesAreCachedByVirtualPath_TheyAreReturnedFromThere" executed="True" result="Success" success="True" time="0.001" asserts="2" />
                    </results>
                  </test-suite>
                  <test-suite type="TestFixture" name="TestEmbeddedResource" executed="True" result="Success" success="True" time="0.008" asserts="0">
                    <results>
                      <test-case name="AlmWitt.Web.ResourceManagement.TestEmbeddedResource.FileExtensionIsCorrectlyCalculated" executed="True" result="Success" success="True" time="0.001" asserts="1" />
                      <test-case name="AlmWitt.Web.ResourceManagement.TestEmbeddedResource.GetContentGetsWholeContent" executed="True" result="Success" success="True" time="0.001" asserts="1" />
                      <test-case name="AlmWitt.Web.ResourceManagement.TestEmbeddedResource.LastModifiedEqualsAssemblyDate" executed="True" result="Success" success="True" time="0.002" asserts="1" />
                      <test-case name="AlmWitt.Web.ResourceManagement.TestEmbeddedResource.VirtualPathEqualsAssemblyUri" executed="True" result="Success" success="True" time="0.001" asserts="1" />
                    </results>
                  </test-suite>
                  <test-suite type="TestFixture" name="TestEmbeddedResourceFinder" executed="True" result="Success" success="True" time="0.017" asserts="0">
                    <results>
                      <test-case name="AlmWitt.Web.ResourceManagement.TestEmbeddedResourceFinder.FindsFile" executed="True" result="Success" success="True" time="0.009" asserts="3" />
                      <test-case name="AlmWitt.Web.ResourceManagement.TestEmbeddedResourceFinder.FindsFilesForAllFileExtensions" executed="True" result="Success" success="True" time="0.005" asserts="3" />
                      <test-case name="AlmWitt.Web.ResourceManagement.TestEmbeddedResourceFinder.FindsMultipleFiles" executed="True" result="Success" success="True" time="0.001" asserts="4" />
                    </results>
                  </test-suite>
                  <test-suite type="TestFixture" name="TestPluginElement" executed="True" result="Success" success="True" time="0.011" asserts="0">
                    <results>
                      <test-case name="AlmWitt.Web.ResourceManagement.TestPluginElement.WhenTypeDoesNotImplementIResourceFinder_ConfigurationErrorsExceptionThrown" executed="True" result="Success" success="True" time="0.007" asserts="0" />
                      <test-case name="AlmWitt.Web.ResourceManagement.TestPluginElement.WhenTypeIsInvalid_ConfigurationErrorsExceptionThrown" executed="True" result="Success" success="True" time="0.001" asserts="0" />
                      <test-case name="AlmWitt.Web.ResourceManagement.TestPluginElement.WhenTypeSpecified_ItIsNewedUpAndReturned" executed="True" result="Success" success="True" time="0.002" asserts="1" />
                    </results>
                  </test-suite>
                  <test-suite type="TestFixture" name="TestResource" executed="True" result="Success" success="True" time="0.004" asserts="0">
                    <results>
                      <test-case name="AlmWitt.Web.ResourceManagement.TestResource.LastModifiedMatchesFileLastWriteTime" executed="True" result="Success" success="True" time="0.003" asserts="1" />
                      <test-case name="AlmWitt.Web.ResourceManagement.TestResource.VirtualPathTest" executed="True" result="Success" success="True" time="0.001" asserts="1" />
                    </results>
                  </test-suite>
                  <test-suite type="TestFixture" name="TestResourceCollection" executed="True" result="Success" success="True" time="0.009" asserts="0">
                    <results>
                      <test-case name="AlmWitt.Web.ResourceManagement.TestResourceCollection.ConsolidateEqualToSumOfParts" executed="True" result="Success" success="True" time="0.003" asserts="1" />
                      <test-case name="AlmWitt.Web.ResourceManagement.TestResourceCollection.ConsolidateFiltersContent" executed="True" result="Success" success="True" time="0.001" asserts="1" />
                      <test-case name="AlmWitt.Web.ResourceManagement.TestResourceCollection.ConsolidatePlacesSeparatorStringBetweenParts" executed="True" result="Success" success="True" time="0.001" asserts="1" />
                      <test-case name="AlmWitt.Web.ResourceManagement.TestResourceCollection.LastModifiedReturnsGreatestValueFromItems" executed="True" result="Success" success="True" time="0.001" asserts="1" />
                    </results>
                  </test-suite>
                  <test-suite type="TestFixture" name="TestResourceFinder" executed="True" result="Success" success="True" time="0.017" asserts="0">
                    <results>
                      <test-case name="AlmWitt.Web.ResourceManagement.TestResourceFinder.FindAppliesFilter" executed="True" result="Success" success="True" time="0.009" asserts="3" />
                      <test-case name="AlmWitt.Web.ResourceManagement.TestResourceFinder.FindsJavascriptFileWithJsExtension" executed="True" result="Success" success="True" time="0.004" asserts="4" />
                      <test-case name="AlmWitt.Web.ResourceManagement.TestResourceFinder.FindsJavascriptFileWithJsExtensionInSubDirectory" executed="True" result="Success" success="True" time="0.004" asserts="3" />
                    </results>
                  </test-suite>
                  <test-suite type="TestFixture" name="TestResourceGroupElement" executed="True" result="Success" success="True" time="0.103" asserts="0">
                    <results>
                      <test-case name="AlmWitt.Web.ResourceManagement.TestResourceGroupElement.ExcludeTrumpsInclude" executed="True" result="Success" success="True" time="0.039" asserts="2" />
                      <test-case name="AlmWitt.Web.ResourceManagement.TestResourceGroupElement.GetResourcesSortsByIncludeOrder" executed="True" result="Success" success="True" time="0.005" asserts="7" />
                      <test-case name="AlmWitt.Web.ResourceManagement.TestResourceGroupElement.GroupHasCompressionSetCorrectly" executed="True" result="Success" success="True" time="0.002" asserts="1" />
                      <test-case name="AlmWitt.Web.ResourceManagement.TestResourceGroupElement.MatchesUrlTemplate_NonTemplateNegativeCase" executed="True" result="Success" success="True" time="0.002" asserts="1" />
                      <test-case name="AlmWitt.Web.ResourceManagement.TestResourceGroupElement.MatchesUrlTemplate_NonTemplatePositiveCase" executed="True" result="Success" success="True" time="0.001" asserts="1" />
                      <test-case name="AlmWitt.Web.ResourceManagement.TestResourceGroupElement.MatchesUrlTemplate_TemplateNegativeCase" executed="True" result="Success" success="True" time="0.021" asserts="1" />
                      <test-case name="AlmWitt.Web.ResourceManagement.TestResourceGroupElement.MatchesUrlTemplate_TemplatePositiveCase" executed="True" result="Success" success="True" time="0.001" asserts="1" />
                      <test-case name="AlmWitt.Web.ResourceManagement.TestResourceGroupElement.TryGetConsolidatedUrlHonorsIncludeAndExclude" executed="True" result="Success" success="True" time="0.002" asserts="7" />
                      <test-case name="AlmWitt.Web.ResourceManagement.TestResourceGroupElement.WhenConsolidatedUrlIsNotTemplated_OnlyOneGroupIsReturnedFromGetGroups" executed="True" result="Success" success="True" time="0.006" asserts="4" />
                      <test-case name="AlmWitt.Web.ResourceManagement.TestResourceGroupElement.WhenConsolidatedUrlIsTemplated_ThereAreGroupsReturnedForEveryMatchiCombinationOfTheTemplate" executed="True" result="Success" success="True" time="0.013" asserts="7" />
                      <test-case name="AlmWitt.Web.ResourceManagement.TestResourceGroupElement.WhenGroupContainsPatternForDebugAndReleaseVersionsOfScript_DebugVersionIsExcludedFromReleaseGroupAndReleaseIsExcludedFromDebugGroup" executed="True" result="Success" success="True" time="0.004" asserts="6" />
                      <test-case name="AlmWitt.Web.ResourceManagement.TestResourceGroupElement.WhenNoInludeOrExcludeIsSpecified_EverythingIsImplicitlyIncluded" executed="True" result="Success" success="True" time="0.000" asserts="2" />
                      <test-case name="AlmWitt.Web.ResourceManagement.TestResourceGroupElement.WhenOnlyExcludeSpecified_AllRemainingResourcesAreImplicitlyIncluded" executed="True" result="Success" success="True" time="0.001" asserts="2" />
                      <test-case name="AlmWitt.Web.ResourceManagement.TestResourceGroupElement.WhenOnlyIncludesSpecified_OnlyMatchingResourcesIncluded" executed="True" result="Success" success="True" time="0.001" asserts="2" />
                      <test-case name="AlmWitt.Web.ResourceManagement.TestResourceGroupElement.WhenPathIsSpecifiedInsteadOfPattern_OnlyExactMatchesMatch" executed="True" result="Success" success="True" time="0.001" asserts="2" />
                    </results>
                  </test-suite>
                  <test-suite type="TestFixture" name="TestResourceHandler" executed="True" result="Success" success="True" time="0.083" asserts="0">
                    <results>
                      <test-case name="AlmWitt.Web.ResourceManagement.TestResourceHandler.IdenticleIfModifiedByReturns304" executed="True" result="Success" success="True" time="0.054" asserts="3" />
                      <test-case name="AlmWitt.Web.ResourceManagement.TestResourceHandler.MinimumLastModifiedValueIsHonored" executed="True" result="Success" success="True" time="0.005" asserts="3" />
                      <test-case name="AlmWitt.Web.ResourceManagement.TestResourceHandler.NoIfModifiedSinceOutputsResource" executed="True" result="Success" success="True" time="0.003" asserts="3" />
                      <test-case name="AlmWitt.Web.ResourceManagement.TestResourceHandler.OldIfModifiedSinceOutputsResource" executed="True" result="Success" success="True" time="0.003" asserts="3" />
                      <test-case name="AlmWitt.Web.ResourceManagement.TestResourceHandler.RecentIfModifiedSinceReturns304" executed="True" result="Success" success="True" time="0.004" asserts="3" />
                      <test-case name="AlmWitt.Web.ResourceManagement.TestResourceHandler.WhenDebugIsFalse_ConolidatatedResourceIsCached" executed="True" result="Success" success="True" time="0.008" asserts="6" />
                      <test-case name="AlmWitt.Web.ResourceManagement.TestResourceHandler.WhenDebugIsTrue_ConolidatatedResourceIsNotCached" executed="True" result="Success" success="True" time="0.006" asserts="6" />
                    </results>
                  </test-suite>
                  <test-suite type="TestFixture" name="TestResourceHttpHandler" executed="True" result="Success" success="True" time="0.302" asserts="0">
                    <results>
                      <test-case name="AlmWitt.Web.ResourceManagement.TestResourceHttpHandler.WhenUrlDoesNotMatchAnyGroupTemplates_NoHandlerIsCreatedAnd404IsReturned" executed="True" result="Success" success="True" time="0.212" asserts="2" />
                      <test-case name="AlmWitt.Web.ResourceManagement.TestResourceHttpHandler.WhenUrlIsFirstRequested_NewHandlerIsCreatedAndCalled" executed="True" result="Success" success="True" time="0.036" asserts="1" />
                      <test-case name="AlmWitt.Web.ResourceManagement.TestResourceHttpHandler.WhenUrlIsRequestedAgain_HandlerIsReusedAndCalledAgain" executed="True" result="Success" success="True" time="0.052" asserts="1" />
                    </results>
                  </test-suite>
                  <test-suite type="TestFixture" name="TestResourceManagementConfiguration" executed="True" result="Success" success="True" time="0.034" asserts="0">
                    <results>
                      <test-case name="AlmWitt.Web.ResourceManagement.TestResourceManagementConfiguration.WhenBuildingContext_EmbeddedResourcesCanBeFoundForConfiguredAssemblies" executed="True" result="Success" success="True" time="0.025" asserts="2" />
                      <test-case name="AlmWitt.Web.ResourceManagement.TestResourceManagementConfiguration.WhenBuildingContext_LastModifiedIsSet" executed="True" result="Success" success="True" time="0.002" asserts="1" />
                    </results>
                  </test-suite>
                  <test-suite type="TestFixture" name="TestResourceManagementContext" executed="True" result="Success" success="True" time="0.003" asserts="0">
                    <results>
                      <test-case name="AlmWitt.Web.ResourceManagement.TestResourceManagementContext.ConsolidateGroupExcludesResourcesMatchingGivenExcludeFilter" executed="True" result="Success" success="True" time="0.002" asserts="2" />
                    </results>
                  </test-suite>
                  <test-suite type="TestFixture" name="TestResourceManagementContext_GetResourceUrl" executed="True" result="Success" success="True" time="0.009" asserts="0">
                    <results>
                      <test-case name="AlmWitt.Web.ResourceManagement.TestResourceManagementContext_GetResourceUrl.AppendsVersionNumberToConsolidatedUrl" executed="True" result="Success" success="True" time="0.004" asserts="1" />
                      <test-case name="AlmWitt.Web.ResourceManagement.TestResourceManagementContext_GetResourceUrl.AppendsVersionNumberToUnConsolidatedUrl" executed="True" result="Success" success="True" time="0.000" asserts="1" />
                      <test-case name="AlmWitt.Web.ResourceManagement.TestResourceManagementContext_GetResourceUrl.ConsolidatedUrlIsStaticWhenPreConsolidated" executed="True" result="Success" success="True" time="0.000" asserts="1" />
                      <test-case name="AlmWitt.Web.ResourceManagement.TestResourceManagementContext_GetResourceUrl.ExclusionsAreCaseInsensitive" executed="True" result="Success" success="True" time="0.000" asserts="1" />
                      <test-case name="AlmWitt.Web.ResourceManagement.TestResourceManagementContext_GetResourceUrl.FilesInSecondGroupAndNotInFirstReturnSecondGroupUrl" executed="True" result="Success" success="True" time="0.001" asserts="1" />
                      <test-case name="AlmWitt.Web.ResourceManagement.TestResourceManagementContext_GetResourceUrl.NeverReturnsConsolidatedScriptFileWhenScriptIsExcluded" executed="True" result="Success" success="True" time="0.001" asserts="1" />
                      <test-case name="AlmWitt.Web.ResourceManagement.TestResourceManagementContext_GetResourceUrl.ReturnsConsolidatedScriptFileWhenScriptConsolidationEnabled" executed="True" result="Success" success="True" time="0.000" asserts="1" />
                      <test-case name="AlmWitt.Web.ResourceManagement.TestResourceManagementContext_GetResourceUrl.ReturnsSelfWhenScriptConsolidationDisabled" executed="True" result="Success" success="True" time="0.001" asserts="1" />
                      <test-case name="AlmWitt.Web.ResourceManagement.TestResourceManagementContext_GetResourceUrl.VersionParameterIsUrlEncoded" executed="True" result="Success" success="True" time="0.000" asserts="1" />
                    </results>
                  </test-suite>
                  <test-suite type="TestFixture" name="TestResourceType" executed="True" result="Success" success="True" time="0.001" asserts="0">
                    <results>
                      <test-case name="AlmWitt.Web.ResourceManagement.TestResourceType.WhenFileExtensionIsAlreadyAdded_ItIsNotAddedAgain" executed="True" result="Success" success="True" time="0.000" asserts="3" />
                    </results>
                  </test-suite>
                  <test-suite type="TestFixture" name="TestVirtualPathResolver" executed="True" result="Success" success="True" time="0.001" asserts="0">
                    <results>
                      <test-case name="AlmWitt.Web.ResourceManagement.TestVirtualPathResolver.MapsAbsolutePath" executed="True" result="Success" success="True" time="0.001" asserts="1" />
                      <test-case name="AlmWitt.Web.ResourceManagement.TestVirtualPathResolver.MapsApplicationPath" executed="True" result="Success" success="True" time="0.000" asserts="1" />
                    </results>
                  </test-suite>
                  <test-suite type="TestFixture" name="TestVisualStudioDependencyProvider" executed="True" result="Success" success="True" time="0.055" asserts="0">
                    <results>
                      <test-case name="AlmWitt.Web.ResourceManagement.TestVisualStudioDependencyProvider.MultipleReferenceElementsAreRecognized" executed="True" result="Success" success="True" time="0.044" asserts="3" />
                      <test-case name="AlmWitt.Web.ResourceManagement.TestVisualStudioDependencyProvider.ReferenceElementeWithNameButMissingAssemblyAttributeReturnsEmbeddedResourceVirtualPathForSystemWebExtensionsAssembly" executed="True" result="Success" success="True" time="0.001" asserts="2" />
                      <test-case name="AlmWitt.Web.ResourceManagement.TestVisualStudioDependencyProvider.ReferenceElementWithNameAndAssemblyAttributeReturnsEmbeddedResourceVirtualPath" executed="True" result="Success" success="True" time="0.000" asserts="2" />
                      <test-case name="AlmWitt.Web.ResourceManagement.TestVisualStudioDependencyProvider.TripleWackCommentReferenceElementWithPathAttributeIsParsedAsDependency" executed="True" result="Success" success="True" time="0.000" asserts="2" />
                      <test-case name="AlmWitt.Web.ResourceManagement.TestVisualStudioDependencyProvider.WhenReferencePathPointsToVsDocFile_VsDocPartIsRemoved" executed="True" result="Success" success="True" time="0.005" asserts="2" />
                    </results>
                  </test-suite>
                </results>
              </test-suite>
            </results>
          </test-suite>
        </results>
      </test-suite>
    </results>
  </test-suite>
</test-results>